{
  "stats": {
    "suites": 19,
    "tests": 32,
    "passes": 31,
    "pending": 1,
    "failures": 0,
    "testsRegistered": 32,
    "passPercent": 96.875,
    "pendingPercent": 3.125,
    "other": 0,
    "hasOther": false,
    "skipped": 0,
    "hasSkipped": false,
    "start": "2024-07-12T17:57:43.602Z",
    "end": "2024-07-12T17:59:37.848Z",
    "duration": 114246
  },
  "results": [
    {
      "uuid": "a956cfb9-08ce-451a-8984-bd91e86e3747",
      "title": "",
      "fullFile": "cypress\\e2e\\automation-test-store\\alias-invoke.js",
      "file": "cypress\\e2e\\automation-test-store\\alias-invoke.js",
      "beforeHooks": [],
      "afterHooks": [],
      "tests": [],
      "suites": [
        {
          "uuid": "7c98887d-bedc-44a9-85bc-0c3ecd92ea4d",
          "title": "Iterate over elements",
          "fullFile": "",
          "file": "",
          "beforeHooks": [],
          "afterHooks": [],
          "tests": [
            {
              "title": "Calculate total of normal and sales products",
              "fullTitle": "Iterate over elements Calculate total of normal and sales products",
              "timedOut": null,
              "duration": 2491,
              "state": "passed",
              "speed": "fast",
              "pass": true,
              "fail": false,
              "pending": false,
              "context": null,
              "code": "cy.visit(\"https://automationteststore.com/\");\ncy.get(\".thumbnail\").as('productThumbnail');\n// cy.get('@productThumbnail').find('.oneprice').each(($el, index, $list) => {\n//     cy.log($el.text()) .pricenew\n// })\ncy.get(\".thumbnail\").find('.oneprice').invoke('text').as('itemPrice');\ncy.get('.thumbnail').find('.pricenew').invoke('text').as('salesPrice');\nlet comPriceTotal = 0;\ncy.get('@itemPrice').then($linktext => {\n  let nonSaleTotal = 0;\n  let itemPrice = $linktext.split('$');\n  itemPrice.forEach(el => {\n    nonSaleTotal += Number(el);\n  });\n  comPriceTotal += nonSaleTotal;\n  cy.log(`Non Sale total: ${nonSaleTotal}`);\n});\ncy.get('@salesPrice').then($linktext => {\n  let salesTotal = 0;\n  let salesPrice = $linktext.split('$');\n  salesPrice.forEach(el => {\n    salesTotal += Number(el);\n  });\n  comPriceTotal += salesTotal;\n  cy.log(`Sales total: ${salesTotal}`);\n}).then(() => {\n  cy.log(`The total price of all Products is: ${comPriceTotal}`);\n  expect(comPriceTotal).to.equal(648.50);\n});",
              "err": {},
              "uuid": "ff97dc30-7d08-40e8-b6c9-f5c3620cbd50",
              "parentUUID": "7c98887d-bedc-44a9-85bc-0c3ecd92ea4d",
              "isHook": false,
              "skipped": false
            }
          ],
          "suites": [],
          "passes": [
            "ff97dc30-7d08-40e8-b6c9-f5c3620cbd50"
          ],
          "failures": [],
          "pending": [],
          "skipped": [],
          "duration": 2491,
          "root": false,
          "rootEmpty": false,
          "_timeout": 2000
        }
      ],
      "passes": [],
      "failures": [],
      "pending": [],
      "skipped": [],
      "duration": 0,
      "root": true,
      "rootEmpty": true,
      "_timeout": 2000
    },
    {
      "uuid": "bc070bd5-65e6-4db1-b9a6-6b60252239d0",
      "title": "",
      "fullFile": "cypress\\e2e\\automation-test-store\\contact-us.js",
      "file": "cypress\\e2e\\automation-test-store\\contact-us.js",
      "beforeHooks": [],
      "afterHooks": [],
      "tests": [],
      "suites": [
        {
          "uuid": "6cfc7d27-0699-415b-942c-bc066e200d93",
          "title": "Test Contact Us form via Automation Test Store",
          "fullFile": "",
          "file": "",
          "beforeHooks": [],
          "afterHooks": [],
          "tests": [
            {
              "title": "Should be able to submit a successful submission via contact us form",
              "fullTitle": "Test Contact Us form via Automation Test Store Should be able to submit a successful submission via contact us form",
              "timedOut": null,
              "duration": 5182,
              "state": "passed",
              "speed": "medium",
              "pass": true,
              "fail": false,
              "pending": false,
              "context": null,
              "code": "cy.visit('https://automationteststore.com/');\ncy.get(\"a[href$='contact']\").click().then(function (linkText) {\n  cy.log('This is the Contact link header:' + linkText.text());\n});\n// cy.get('.info_links_footer > :nth-child(5) > a').click()// this path is prone to breakage\n// cy.xpath(\"//a[contains(@href, 'contact')]\").click()\ncy.get('@user').then(user => {\n  cy.get('#ContactUsFrm_first_name').type(user.first_name);\n  cy.get('#ContactUsFrm_email').type(user.email);\n});\ncy.get('#ContactUsFrm_email').should('have.attr', 'name', 'email');\ncy.get('#ContactUsFrm_enquiry').type('Can i get a discount on bulk thank you');\ncy.get(\"button[title='Submit']\").click();\n// cy.get('.col-md-6 > .btn').click()\ncy.get('.mb40 > :nth-child(3)').should('have.text', 'Your enquiry has been successfully sent to the store owner!');",
              "err": {},
              "uuid": "edaee2dc-6b22-448b-b2e7-21003367fb56",
              "parentUUID": "6cfc7d27-0699-415b-942c-bc066e200d93",
              "isHook": false,
              "skipped": false
            }
          ],
          "suites": [],
          "passes": [
            "edaee2dc-6b22-448b-b2e7-21003367fb56"
          ],
          "failures": [],
          "pending": [],
          "skipped": [],
          "duration": 5182,
          "root": false,
          "rootEmpty": false,
          "_timeout": 2000
        }
      ],
      "passes": [],
      "failures": [],
      "pending": [],
      "skipped": [],
      "duration": 0,
      "root": true,
      "rootEmpty": true,
      "_timeout": 2000
    },
    {
      "uuid": "a1875dd5-fc2f-42c3-a909-e39d4c38bb48",
      "title": "",
      "fullFile": "cypress\\e2e\\automation-test-store\\inspect-item.js",
      "file": "cypress\\e2e\\automation-test-store\\inspect-item.js",
      "beforeHooks": [],
      "afterHooks": [],
      "tests": [],
      "suites": [
        {
          "uuid": "8a5d1204-1a20-400f-accd-5875e3b75a87",
          "title": "Inspect Automation Test Store Items using chain of commands",
          "fullFile": "",
          "file": "",
          "beforeHooks": [],
          "afterHooks": [],
          "tests": [
            {
              "title": "Click on first item using item text",
              "fullTitle": "Inspect Automation Test Store Items using chain of commands Click on first item using item text",
              "timedOut": null,
              "duration": 1859,
              "state": "passed",
              "speed": "fast",
              "pass": true,
              "fail": false,
              "pending": false,
              "context": null,
              "code": "cy.visit('https://automationteststore.com/');\ncy.get('.prdocutname').contains('Skinsheen Bronzer Stick').click().then(function (itemHeaderText) {\n  console.log('this is the item header text: ' + itemHeaderText.text());\n});",
              "err": {},
              "uuid": "387d5cb2-2533-49f8-aab8-818d8686242f",
              "parentUUID": "8a5d1204-1a20-400f-accd-5875e3b75a87",
              "isHook": false,
              "skipped": false
            }
          ],
          "suites": [],
          "passes": [
            "387d5cb2-2533-49f8-aab8-818d8686242f"
          ],
          "failures": [],
          "pending": [],
          "skipped": [],
          "duration": 1859,
          "root": false,
          "rootEmpty": false,
          "_timeout": 2000
        }
      ],
      "passes": [],
      "failures": [],
      "pending": [],
      "skipped": [],
      "duration": 0,
      "root": true,
      "rootEmpty": true,
      "_timeout": 2000
    },
    {
      "uuid": "3a7c8d80-9e29-469e-98a5-3aa236231c47",
      "title": "",
      "fullFile": "cypress\\e2e\\automation-test-store\\iterate-over-elements.js",
      "file": "cypress\\e2e\\automation-test-store\\iterate-over-elements.js",
      "beforeHooks": [],
      "afterHooks": [],
      "tests": [],
      "suites": [
        {
          "uuid": "33777366-55ae-40b4-bc46-7313a81527f1",
          "title": "Iterate over elements",
          "fullFile": "",
          "file": "",
          "beforeHooks": [],
          "afterHooks": [],
          "tests": [
            {
              "title": "Log all the Hair Care Info",
              "fullTitle": "Iterate over elements Log all the Hair Care Info",
              "timedOut": null,
              "duration": 2277,
              "state": "passed",
              "speed": "fast",
              "pass": true,
              "fail": false,
              "pending": false,
              "context": null,
              "code": "cy.get(\".fixed_wrapper .prdocutname\").each(($el, index, $list) => {\n  cy.log(`Index: ${index}: ${$el.text()} `);\n});",
              "err": {},
              "uuid": "2b808421-e326-4719-822d-893bf67e91d6",
              "parentUUID": "33777366-55ae-40b4-bc46-7313a81527f1",
              "isHook": false,
              "skipped": false
            },
            {
              "title": "Add specific to the basket",
              "fullTitle": "Iterate over elements Add specific to the basket",
              "timedOut": null,
              "duration": 2612,
              "state": "passed",
              "speed": "fast",
              "pass": true,
              "fail": false,
              "pending": false,
              "context": null,
              "code": "cy.selectProduct(\"Curls to straight Shampoo\");\n// cy.get(\".fixed_wrapper .prdocutname\").each(($el, index, $list) => {\n//   if ($el.text().includes(\"Curls to straight Shampoo\")) {\n//     cy.wrap($el).click();\n//   }\n// });",
              "err": {},
              "uuid": "1530508d-de76-4f93-81ea-ae05b0cba545",
              "parentUUID": "33777366-55ae-40b4-bc46-7313a81527f1",
              "isHook": false,
              "skipped": false
            },
            {
              "title": "Add specific Item to basket",
              "fullTitle": "Iterate over elements Add specific Item to basket",
              "timedOut": null,
              "duration": 2906,
              "state": "passed",
              "speed": "fast",
              "pass": true,
              "fail": false,
              "pending": false,
              "context": null,
              "code": "cy.get(\"a[href*='product/category&path=']\").contains(\"Fragrance\").click();\ncy.selectProduct(\"Gucci Guilty\");\n// cy.get(\".fixed_wrapper .prdocutname\").each(($el, index, $list) => {\n//   cy.log(`Index: ${index}: of ${$el} `);\n//   if ($el.text().includes(\"Gucci Guilty\")) {\n//     cy.wrap($el).click();\n//   }\n// });",
              "err": {},
              "uuid": "95fd670d-9a83-4408-aee3-3e3573b5fcd1",
              "parentUUID": "33777366-55ae-40b4-bc46-7313a81527f1",
              "isHook": false,
              "skipped": false
            }
          ],
          "suites": [],
          "passes": [
            "2b808421-e326-4719-822d-893bf67e91d6",
            "1530508d-de76-4f93-81ea-ae05b0cba545",
            "95fd670d-9a83-4408-aee3-3e3573b5fcd1"
          ],
          "failures": [],
          "pending": [],
          "skipped": [],
          "duration": 7795,
          "root": false,
          "rootEmpty": false,
          "_timeout": 2000
        }
      ],
      "passes": [],
      "failures": [],
      "pending": [],
      "skipped": [],
      "duration": 0,
      "root": true,
      "rootEmpty": true,
      "_timeout": 2000
    },
    {
      "uuid": "4974798e-76ba-4d4a-aaef-136cc76888c4",
      "title": "",
      "fullFile": "cypress\\e2e\\automation-test-store\\variables-and-cy-commands.js",
      "file": "cypress\\e2e\\automation-test-store\\variables-and-cy-commands.js",
      "beforeHooks": [],
      "afterHooks": [],
      "tests": [],
      "suites": [
        {
          "uuid": "fedc5606-177a-4248-8824-d0923bd2b2e4",
          "title": "Verifying variables, cy commands and jquery commands",
          "fullFile": "",
          "file": "",
          "beforeHooks": [],
          "afterHooks": [],
          "tests": [
            {
              "title": "Validate Properties on Contact page",
              "fullTitle": "Verifying variables, cy commands and jquery commands Validate Properties on Contact page",
              "timedOut": null,
              "duration": 1079,
              "state": "passed",
              "speed": "fast",
              "pass": true,
              "fail": false,
              "pending": false,
              "context": null,
              "code": "cy.visit('https://automationteststore.com/index.php?rt=content/contact');\n//Use cypress commands and chaining \n//Used cypress commands with chia assertion(should)\ncy.contains('#ContactUsFrm', 'Contact Us Form').find('#field_11').should('contain', 'First name');\n//Use JQuery Approach\n//Used cypress with JQuery methods and a good approach is to use Promises to handle order of executions\ncy.contains('#ContactUsFrm', 'Contact Us Form').then(text => {\n  const firstNameText = text.find('#field_11').text();\n  expect(firstNameText).to.contain('First name');\n  //Use Embedded commands (Closures)\n  cy.get('#field_11').then(fNText => {\n    cy.log(fNText.text());\n    cy.log(fNText);\n  });\n});",
              "err": {},
              "uuid": "3367506c-3913-42a4-b86b-56d5089c2bd9",
              "parentUUID": "fedc5606-177a-4248-8824-d0923bd2b2e4",
              "isHook": false,
              "skipped": false
            }
          ],
          "suites": [],
          "passes": [
            "3367506c-3913-42a4-b86b-56d5089c2bd9"
          ],
          "failures": [],
          "pending": [],
          "skipped": [],
          "duration": 1079,
          "root": false,
          "rootEmpty": false,
          "_timeout": 2000
        }
      ],
      "passes": [],
      "failures": [],
      "pending": [],
      "skipped": [],
      "duration": 0,
      "root": true,
      "rootEmpty": true,
      "_timeout": 2000
    },
    {
      "uuid": "6dbdfbd7-f1d5-490a-9fcd-45865457201d",
      "title": "",
      "fullFile": "cypress\\e2e\\webdriver-uni\\autocomplete-dropdown-list.js",
      "file": "cypress\\e2e\\webdriver-uni\\autocomplete-dropdown-list.js",
      "beforeHooks": [],
      "afterHooks": [],
      "tests": [],
      "suites": [
        {
          "uuid": "f0c50f9b-3b42-4ae8-98fd-49f002729e87",
          "title": "Verify autocomplete dropdown list via webdriveruni ",
          "fullFile": "",
          "file": "",
          "beforeHooks": [],
          "afterHooks": [],
          "tests": [
            {
              "title": "Select specific product via autocomplete dropdown list",
              "fullTitle": "Verify autocomplete dropdown list via webdriveruni  Select specific product via autocomplete dropdown list",
              "timedOut": null,
              "duration": 3244,
              "state": "passed",
              "speed": "fast",
              "pass": true,
              "fail": false,
              "pending": false,
              "context": null,
              "code": "cy.visit(\"/\");\ncy.get(\"#autocomplete-textfield\").invoke(\"removeAttr\", \"target\").click({\n  force: true\n});\ncy.get('h2').should('have.text', 'Autocomplete TextField');\ncy.get('#myInput').type('A');\ncy.get('#myInputautocomplete-list > *').each($el => {\n  const ingredient = $el.text();\n  const reqIngredient = 'Artichoke';\n  if (ingredient === reqIngredient) {\n    $el.trigger('click');\n    cy.get('#submit-button').click();\n    cy.url().should('include', reqIngredient);\n  }\n}).then(() => {\n  cy.get('#myInput').type('G');\n  cy.get('#myInputautocomplete-list > *').each($element => {\n    const secIngred = $element.text();\n    const secReqIngred = 'Grapes';\n    if (secIngred === secReqIngred) {\n      $element.trigger('click');\n      cy.get('#submit-button').click();\n      cy.url().should('include', secIngred);\n    }\n  });\n});",
              "err": {},
              "uuid": "41930c4b-65ab-47d1-bfaf-30d300873eb7",
              "parentUUID": "f0c50f9b-3b42-4ae8-98fd-49f002729e87",
              "isHook": false,
              "skipped": false
            }
          ],
          "suites": [],
          "passes": [
            "41930c4b-65ab-47d1-bfaf-30d300873eb7"
          ],
          "failures": [],
          "pending": [],
          "skipped": [],
          "duration": 3244,
          "root": false,
          "rootEmpty": false,
          "_timeout": 2000
        }
      ],
      "passes": [],
      "failures": [],
      "pending": [],
      "skipped": [],
      "duration": 0,
      "root": true,
      "rootEmpty": true,
      "_timeout": 2000
    },
    {
      "uuid": "edf90936-9fcc-48c0-a249-8bbbc712281d",
      "title": "",
      "fullFile": "cypress\\e2e\\webdriver-uni\\browser-navigation.js",
      "file": "cypress\\e2e\\webdriver-uni\\browser-navigation.js",
      "beforeHooks": [],
      "afterHooks": [],
      "tests": [],
      "suites": [
        {
          "uuid": "73e3ee28-d7d3-4f08-8b2a-d521f1f8d57c",
          "title": "Validate webdriveruni homepage links",
          "fullFile": "",
          "file": "",
          "beforeHooks": [],
          "afterHooks": [],
          "tests": [
            {
              "title": "Confirm links redirect to correct pages",
              "fullTitle": "Validate webdriveruni homepage links Confirm links redirect to correct pages",
              "timedOut": null,
              "duration": 0,
              "state": "pending",
              "speed": null,
              "pass": false,
              "fail": false,
              "pending": true,
              "context": null,
              "code": "cy.visit('/');\ncy.get('#contact-us').invoke('removeAttr', 'target').click({\n  force: true\n});\ncy.url().should('include', 'contactus');\ncy.go('back');\ncy.reload();\ncy.go('forward');\ncy.url().should('include', 'contactus');",
              "err": {},
              "uuid": "af8cba61-a204-43dc-8e82-2dffa80395ac",
              "parentUUID": "73e3ee28-d7d3-4f08-8b2a-d521f1f8d57c",
              "isHook": false,
              "skipped": false
            },
            {
              "title": "Confirm ToDo link redirects to correct page",
              "fullTitle": "Validate webdriveruni homepage links Confirm ToDo link redirects to correct page",
              "timedOut": null,
              "duration": 2743,
              "state": "passed",
              "speed": "fast",
              "pass": true,
              "fail": false,
              "pending": false,
              "context": null,
              "code": "cy.visit('/');\ncy.get('#to-do-list').invoke('removeAttr', 'target').click({\n  force: true\n});\ncy.url().should('include', 'To-Do-List');\ncy.go('back');\ncy.reload();\ncy.go('forward');\ncy.url().should('include', 'To-Do-List');\ncy.go('back');",
              "err": {},
              "uuid": "0f9ef009-0c78-4591-8447-38a6238f3016",
              "parentUUID": "73e3ee28-d7d3-4f08-8b2a-d521f1f8d57c",
              "isHook": false,
              "skipped": false
            }
          ],
          "suites": [],
          "passes": [
            "0f9ef009-0c78-4591-8447-38a6238f3016"
          ],
          "failures": [],
          "pending": [
            "af8cba61-a204-43dc-8e82-2dffa80395ac"
          ],
          "skipped": [],
          "duration": 2743,
          "root": false,
          "rootEmpty": false,
          "_timeout": 2000
        }
      ],
      "passes": [],
      "failures": [],
      "pending": [],
      "skipped": [],
      "duration": 0,
      "root": true,
      "rootEmpty": true,
      "_timeout": 2000
    },
    {
      "uuid": "c60b2253-c8c7-4787-b4ba-78d4128d5074",
      "title": "",
      "fullFile": "cypress\\e2e\\webdriver-uni\\checkboxes.js",
      "file": "cypress\\e2e\\webdriver-uni\\checkboxes.js",
      "beforeHooks": [],
      "afterHooks": [],
      "tests": [],
      "suites": [
        {
          "uuid": "2b3770f5-b9a8-4cbc-b76d-b7a4b1caf4b2",
          "title": "Verify Checkboxes via webdriveruni",
          "fullFile": "",
          "file": "",
          "beforeHooks": [],
          "afterHooks": [],
          "tests": [
            {
              "title": "Check and validate checkbox",
              "fullTitle": "Verify Checkboxes via webdriveruni Check and validate checkbox",
              "timedOut": null,
              "duration": 690,
              "state": "passed",
              "speed": "fast",
              "pass": true,
              "fail": false,
              "pending": false,
              "context": null,
              "code": "cy.get('#checkboxes > :nth-child(1) > input').as('option-1');\ncy.get('@option-1').check().should('be.checked');\ncy.get('@option-1').check().should('be.checked');",
              "err": {},
              "uuid": "b4f8b58a-081b-4e75-8af9-cf9715180df7",
              "parentUUID": "2b3770f5-b9a8-4cbc-b76d-b7a4b1caf4b2",
              "isHook": false,
              "skipped": false
            },
            {
              "title": "Uncheck and validate checkbox",
              "fullTitle": "Verify Checkboxes via webdriveruni Uncheck and validate checkbox",
              "timedOut": null,
              "duration": 364,
              "state": "passed",
              "speed": "fast",
              "pass": true,
              "fail": false,
              "pending": false,
              "context": null,
              "code": "cy.get(':nth-child(5) > input').as('option-3');\ncy.get('@option-3').uncheck();\ncy.get('@option-3').uncheck().should('not.be.checked');",
              "err": {},
              "uuid": "038bb15d-fee1-497e-b57f-22a4fe5de496",
              "parentUUID": "2b3770f5-b9a8-4cbc-b76d-b7a4b1caf4b2",
              "isHook": false,
              "skipped": false
            },
            {
              "title": "Validate multiple checkboxes",
              "fullTitle": "Verify Checkboxes via webdriveruni Validate multiple checkboxes",
              "timedOut": null,
              "duration": 494,
              "state": "passed",
              "speed": "fast",
              "pass": true,
              "fail": false,
              "pending": false,
              "context": null,
              "code": "cy.get(\"input[type='checkbox']\").as('multiOptions');\ncy.get('@multiOptions').check(['option-1', 'option-2', 'option-3', 'option-4']).should('be.checked');",
              "err": {},
              "uuid": "0f2cc59f-8f7f-4d29-b1bf-661e68c0b2d4",
              "parentUUID": "2b3770f5-b9a8-4cbc-b76d-b7a4b1caf4b2",
              "isHook": false,
              "skipped": false
            }
          ],
          "suites": [],
          "passes": [
            "b4f8b58a-081b-4e75-8af9-cf9715180df7",
            "038bb15d-fee1-497e-b57f-22a4fe5de496",
            "0f2cc59f-8f7f-4d29-b1bf-661e68c0b2d4"
          ],
          "failures": [],
          "pending": [],
          "skipped": [],
          "duration": 1548,
          "root": false,
          "rootEmpty": false,
          "_timeout": 2000
        }
      ],
      "passes": [],
      "failures": [],
      "pending": [],
      "skipped": [],
      "duration": 0,
      "root": true,
      "rootEmpty": true,
      "_timeout": 2000
    },
    {
      "uuid": "ce0e0787-bc6e-4914-b723-a21441a90055",
      "title": "",
      "fullFile": "cypress\\e2e\\webdriver-uni\\contact-us.js",
      "file": "cypress\\e2e\\webdriver-uni\\contact-us.js",
      "beforeHooks": [],
      "afterHooks": [],
      "tests": [],
      "suites": [
        {
          "uuid": "a728d40a-d809-4145-bb4d-a9b32160bfd6",
          "title": "Test Contact Us form via Webdriveruniversity",
          "fullFile": "",
          "file": "",
          "beforeHooks": [],
          "afterHooks": [],
          "tests": [
            {
              "title": "Should be able to submit a successful submission via contact us form",
              "fullTitle": "Test Contact Us form via Webdriveruniversity Should be able to submit a successful submission via contact us form",
              "timedOut": null,
              "duration": 5103,
              "state": "passed",
              "speed": "medium",
              "pass": true,
              "fail": false,
              "pending": false,
              "context": null,
              "code": "contactUsPage.contactForm_Submission(data.first_name, data.last_name, data.email, data.body, 'h1', 'Thank You for your Message!');\n// cy.webdriverUni_ContactForm_Submission(data.first_name, data.last_name, data.email, data.body, 'h1', 'Thank You for your Message!')\n// cy.get('[name=\"first_name\"]').type(data.first_name)\n// cy.get('[name=\"last_name\"]').type(data.last_name)\n// cy.get('[name=\"email\"]').type(data.email)\n// cy.get('textarea.feedback-input').type(data.body)\n// cy.get('[type=\"submit\"]').click()\n// cy.get('h1').should('have.text', 'Thank You for your Message!')",
              "err": {},
              "uuid": "4d79fde8-e8c5-45d0-8eae-d216ce947711",
              "parentUUID": "a728d40a-d809-4145-bb4d-a9b32160bfd6",
              "isHook": false,
              "skipped": false
            },
            {
              "title": "Should not be able to submit a successful submission via contact us form",
              "fullTitle": "Test Contact Us form via Webdriveruniversity Should not be able to submit a successful submission via contact us form",
              "timedOut": null,
              "duration": 2520,
              "state": "passed",
              "speed": "fast",
              "pass": true,
              "fail": false,
              "pending": false,
              "context": null,
              "code": "contactUsPage.contactForm_Submission(data.first_name, data.last_name, ' ', 'How can I Liban Hassan learn Cypress', 'body', 'Error: Invalid email address');\n// cy.webdriverUni_ContactForm_Submission(data.first_name, data.last_name, ' ', 'How can I Liban Hassan learn Cypress', 'body', 'Error: Invalid email address')\n// cy.get('[name=\"first_name\"]').type(data.first_name)\n// cy.get('[name=\"last_name\"]').type(data.last_name)\n// cy.get('textarea.feedback-input').type(data.body)\n// cy.get('[type=\"submit\"]').click()\n// cy.get('body').contains('Error: all fields are required')",
              "err": {},
              "uuid": "76f6f477-fd08-4c34-a0c0-be5f22b8c905",
              "parentUUID": "a728d40a-d809-4145-bb4d-a9b32160bfd6",
              "isHook": false,
              "skipped": false
            }
          ],
          "suites": [],
          "passes": [
            "4d79fde8-e8c5-45d0-8eae-d216ce947711",
            "76f6f477-fd08-4c34-a0c0-be5f22b8c905"
          ],
          "failures": [],
          "pending": [],
          "skipped": [],
          "duration": 7623,
          "root": false,
          "rootEmpty": false,
          "_timeout": 2000
        }
      ],
      "passes": [],
      "failures": [],
      "pending": [],
      "skipped": [],
      "duration": 0,
      "root": true,
      "rootEmpty": true,
      "_timeout": 2000
    },
    {
      "uuid": "9b0e9db2-4f78-4542-a1f8-b00dd58d1916",
      "title": "",
      "fullFile": "cypress\\e2e\\webdriver-uni\\data-tables.js",
      "file": "cypress\\e2e\\webdriver-uni\\data-tables.js",
      "beforeHooks": [],
      "afterHooks": [],
      "tests": [],
      "suites": [
        {
          "uuid": "804f85ae-dad2-4b95-b397-5f97a663b39b",
          "title": "Handling data via webdriveruni",
          "fullFile": "",
          "file": "",
          "beforeHooks": [],
          "afterHooks": [],
          "tests": [
            {
              "title": "Calculate & assert all total age of all users",
              "fullTitle": "Handling data via webdriveruni Calculate & assert all total age of all users",
              "timedOut": null,
              "duration": 1384,
              "state": "passed",
              "speed": "fast",
              "pass": true,
              "fail": false,
              "pending": false,
              "context": null,
              "code": "const userDetails = [];\nlet num = 0;\ncy.get(\"#thumbnail-1 td\").each(($el, index, $list) => {\n  cy.log(userDetails[index] = $el.text());\n}).then(() => {\n  for (let i = 0; i < userDetails.length; i++) {\n    if (Number(userDetails[i])) {\n      num += Number(userDetails[i]);\n    }\n  }\n  cy.log(`Found total age: ${num}`);\n  expect(num).to.eq(322);\n});",
              "err": {},
              "uuid": "f5e2c5ff-f83c-4e5b-bdbf-999011cdf03e",
              "parentUUID": "804f85ae-dad2-4b95-b397-5f97a663b39b",
              "isHook": false,
              "skipped": false
            },
            {
              "title": "Calculate & assert the age of a user based on last name",
              "fullTitle": "Handling data via webdriveruni Calculate & assert the age of a user based on last name",
              "timedOut": null,
              "duration": 466,
              "state": "passed",
              "speed": "fast",
              "pass": true,
              "fail": false,
              "pending": false,
              "context": null,
              "code": "cy.get('#thumbnail-1 tr td:nth-child(2)').each(($el, index) => {\n  const text = $el.text();\n  if (text.includes('Woods')) {\n    cy.get('#thumbnail-1 tr td:nth-child(2)').eq(index).next().then(age => {\n      const userAge = age.text();\n      expect(userAge).to.eq('80');\n    });\n  }\n});",
              "err": {},
              "uuid": "f7725f8c-db77-4084-90f3-86a7b7f9a0bf",
              "parentUUID": "804f85ae-dad2-4b95-b397-5f97a663b39b",
              "isHook": false,
              "skipped": false
            }
          ],
          "suites": [],
          "passes": [
            "f5e2c5ff-f83c-4e5b-bdbf-999011cdf03e",
            "f7725f8c-db77-4084-90f3-86a7b7f9a0bf"
          ],
          "failures": [],
          "pending": [],
          "skipped": [],
          "duration": 1850,
          "root": false,
          "rootEmpty": false,
          "_timeout": 2000
        }
      ],
      "passes": [],
      "failures": [],
      "pending": [],
      "skipped": [],
      "duration": 0,
      "root": true,
      "rootEmpty": true,
      "_timeout": 2000
    },
    {
      "uuid": "ce6cd09d-7427-4b95-b472-6684538fbc1e",
      "title": "",
      "fullFile": "cypress\\e2e\\webdriver-uni\\datepicker.js",
      "file": "cypress\\e2e\\webdriver-uni\\datepicker.js",
      "beforeHooks": [],
      "afterHooks": [],
      "tests": [],
      "suites": [
        {
          "uuid": "cdae3b18-a6a9-4251-8fda-eca8b8fa1b29",
          "title": "Test DatePicker via webdriveruni",
          "fullFile": "",
          "file": "",
          "beforeHooks": [],
          "afterHooks": [],
          "tests": [
            {
              "title": "Select date from DatePicker",
              "fullTitle": "Test DatePicker via webdriveruni Select date from DatePicker",
              "timedOut": null,
              "duration": 1729,
              "state": "passed",
              "speed": "fast",
              "pass": true,
              "fail": false,
              "pending": false,
              "context": null,
              "code": "cy.get(\"#datepicker\").click();\nconst date = new Date();\ndate.setDate(date.getDate() + 82);\nconst futureYear = date.getFullYear();\nconst futureMonth = date.toLocaleString('default', {\n  month: 'long'\n});\nconst futureDay = date.getDate();\n//   cy.log('this is the year: '+futureYear)\n//   cy.log('this is the month: '+ futureMonth)\n//   cy.log('this is the day: '+ futureDay)\nfunction selectMonthAndYear() {\n  cy.get('.datepicker-dropdown').find('.datepicker-switch').first().then(currentDate => {\n    if (!currentDate.text().includes(futureYear)) {\n      cy.get('.next').first().click();\n      selectMonthAndYear();\n    }\n  }).then(() => {\n    cy.get('.datepicker-dropdown').find('.datepicker-switch').first().then(currentDate => {\n      if (!currentDate.text().includes(futureMonth)) {\n        cy.get('.next').first().click();\n        selectMonthAndYear();\n      }\n    });\n  });\n}\nfunction selectFutureDay() {\n  cy.get(\"[class='day']\").contains(futureDay);\n}\nselectMonthAndYear();\nselectFutureDay();",
              "err": {},
              "uuid": "3002f40a-35fe-4dca-907f-d42ef64b8ab7",
              "parentUUID": "cdae3b18-a6a9-4251-8fda-eca8b8fa1b29",
              "isHook": false,
              "skipped": false
            }
          ],
          "suites": [],
          "passes": [
            "3002f40a-35fe-4dca-907f-d42ef64b8ab7"
          ],
          "failures": [],
          "pending": [],
          "skipped": [],
          "duration": 1729,
          "root": false,
          "rootEmpty": false,
          "_timeout": 2000
        }
      ],
      "passes": [],
      "failures": [],
      "pending": [],
      "skipped": [],
      "duration": 0,
      "root": true,
      "rootEmpty": true,
      "_timeout": 2000
    },
    {
      "uuid": "73928fa4-fb59-40fb-a04f-afe433ef7b51",
      "title": "",
      "fullFile": "cypress\\e2e\\webdriver-uni\\file-upload.js",
      "file": "cypress\\e2e\\webdriver-uni\\file-upload.js",
      "beforeHooks": [],
      "afterHooks": [],
      "tests": [],
      "suites": [
        {
          "uuid": "b2ea4719-ff29-4030-b5a8-efdc297cdd68",
          "title": "Test File Upload via webdriveruni",
          "fullFile": "",
          "file": "",
          "beforeHooks": [],
          "afterHooks": [],
          "tests": [
            {
              "title": "Upload a file....",
              "fullTitle": "Test File Upload via webdriveruni Upload a file....",
              "timedOut": null,
              "duration": 937,
              "state": "passed",
              "speed": "fast",
              "pass": true,
              "fail": false,
              "pending": false,
              "context": null,
              "code": "cy.visit('/');\ncy.get('#file-upload').invoke('removeAttr', 'target').click({\n  force: true\n});\ncy.get('#myFile').selectFile('cypress/fixtures/laptop.png');\ncy.get('#submit-button').click();",
              "err": {},
              "uuid": "15e1178f-f6fb-4caa-8a25-9e107a7b4855",
              "parentUUID": "b2ea4719-ff29-4030-b5a8-efdc297cdd68",
              "isHook": false,
              "skipped": false
            },
            {
              "title": "Upload no file....",
              "fullTitle": "Test File Upload via webdriveruni Upload no file....",
              "timedOut": null,
              "duration": 866,
              "state": "passed",
              "speed": "fast",
              "pass": true,
              "fail": false,
              "pending": false,
              "context": null,
              "code": "cy.visit('/');\ncy.get('#file-upload').invoke('removeAttr', 'target').click({\n  force: true\n});\ncy.get('#submit-button').click();",
              "err": {},
              "uuid": "07999971-135c-4117-b0a3-2166fe6ffeff",
              "parentUUID": "b2ea4719-ff29-4030-b5a8-efdc297cdd68",
              "isHook": false,
              "skipped": false
            }
          ],
          "suites": [],
          "passes": [
            "15e1178f-f6fb-4caa-8a25-9e107a7b4855",
            "07999971-135c-4117-b0a3-2166fe6ffeff"
          ],
          "failures": [],
          "pending": [],
          "skipped": [],
          "duration": 1803,
          "root": false,
          "rootEmpty": false,
          "_timeout": 2000
        }
      ],
      "passes": [],
      "failures": [],
      "pending": [],
      "skipped": [],
      "duration": 0,
      "root": true,
      "rootEmpty": true,
      "_timeout": 2000
    },
    {
      "uuid": "2a05b32b-12f3-4a3a-b8fc-b80a7815956d",
      "title": "",
      "fullFile": "cypress\\e2e\\webdriver-uni\\iframe.js",
      "file": "cypress\\e2e\\webdriver-uni\\iframe.js",
      "beforeHooks": [],
      "afterHooks": [],
      "tests": [],
      "suites": [
        {
          "uuid": "a9df5a0c-519a-4f91-badf-fe16715d317b",
          "title": "Handle IFrame & Modals",
          "fullFile": "",
          "file": "",
          "beforeHooks": [],
          "afterHooks": [],
          "tests": [
            {
              "title": "Handle webdriveruni IFrame & Modal",
              "fullTitle": "Handle IFrame & Modals Handle webdriveruni IFrame & Modal",
              "timedOut": null,
              "duration": 1780,
              "state": "passed",
              "speed": "fast",
              "pass": true,
              "fail": false,
              "pending": false,
              "context": null,
              "code": "cy.visit(\"/\");\ncy.get(\"#iframe\").invoke(\"removeAttr\", \"target\").click({\n  force: true\n});\ncy.get('#frame').then($iframe => {\n  const body = $iframe.contents().find('body');\n  cy.wrap(body).as('iframe');\n});\ncy.get('@iframe').find('#button-find-out-more').click();\ncy.get('@iframe').find('#myModal').as('modal');\ncy.get('@modal').should($expectedText => {\n  const text = $expectedText.text();\n  expect(text).to.include('Welcome to webdriveruniversity.com we sell a wide range of electrical goods such as laptops');\n});\ncy.get('@modal').contains('Close').click();",
              "err": {},
              "uuid": "bb3cc5d0-dc1f-4fd8-a890-989c9c76ad8e",
              "parentUUID": "a9df5a0c-519a-4f91-badf-fe16715d317b",
              "isHook": false,
              "skipped": false
            }
          ],
          "suites": [],
          "passes": [
            "bb3cc5d0-dc1f-4fd8-a890-989c9c76ad8e"
          ],
          "failures": [],
          "pending": [],
          "skipped": [],
          "duration": 1780,
          "root": false,
          "rootEmpty": false,
          "_timeout": 2000
        }
      ],
      "passes": [],
      "failures": [],
      "pending": [],
      "skipped": [],
      "duration": 0,
      "root": true,
      "rootEmpty": true,
      "_timeout": 2000
    },
    {
      "uuid": "ef29d680-546e-455e-b806-40fc9176d797",
      "title": "",
      "fullFile": "cypress\\e2e\\webdriver-uni\\js-alerts.js",
      "file": "cypress\\e2e\\webdriver-uni\\js-alerts.js",
      "beforeHooks": [],
      "afterHooks": [],
      "tests": [],
      "suites": [
        {
          "uuid": "9a6f5b8c-e52b-40b6-bbd6-e92a90acc83b",
          "title": "Handle js Alerts",
          "fullFile": "",
          "file": "",
          "beforeHooks": [],
          "afterHooks": [],
          "tests": [
            {
              "title": "Confirm JS Alerts contains correct message",
              "fullTitle": "Handle js Alerts Confirm JS Alerts contains correct message",
              "timedOut": null,
              "duration": 836,
              "state": "passed",
              "speed": "fast",
              "pass": true,
              "fail": false,
              "pending": false,
              "context": null,
              "code": "cy.visit(\"/\");\ncy.get(\"#popup-alerts\").invoke(\"removeAttr\", \"target\").click({\n  force: true\n});\ncy.get(\"h1\").should(\"have.text\", \"Annoying Popup & Alerts!\");\ncy.get(\"#button1\").click();\ncy.on(\"window:alert\", str => {\n  expect(str).to.equal(\"I am an alert box!\");\n});",
              "err": {},
              "uuid": "6ce92674-3148-4570-ac23-c2ea23314294",
              "parentUUID": "9a6f5b8c-e52b-40b6-bbd6-e92a90acc83b",
              "isHook": false,
              "skipped": false
            },
            {
              "title": "Confirm js alert works after clicking OK button",
              "fullTitle": "Handle js Alerts Confirm js alert works after clicking OK button",
              "timedOut": null,
              "duration": 540,
              "state": "passed",
              "speed": "fast",
              "pass": true,
              "fail": false,
              "pending": false,
              "context": null,
              "code": "cy.visit(\"/\");\ncy.get(\"#popup-alerts\").invoke(\"removeAttr\", \"target\").click({\n  force: true\n});\ncy.get(\"#button4\").click();\ncy.on('window:confirm', () => {\n  return true;\n});\ncy.get(\"#confirm-alert-text\").contains(\"You pressed OK!\");",
              "err": {},
              "uuid": "271a7f06-d66e-44d0-b50e-3895644ef2a1",
              "parentUUID": "9a6f5b8c-e52b-40b6-bbd6-e92a90acc83b",
              "isHook": false,
              "skipped": false
            },
            {
              "title": "Confirm js alert works after clicking Cancel button",
              "fullTitle": "Handle js Alerts Confirm js alert works after clicking Cancel button",
              "timedOut": null,
              "duration": 419,
              "state": "passed",
              "speed": "fast",
              "pass": true,
              "fail": false,
              "pending": false,
              "context": null,
              "code": "cy.visit(\"/\");\ncy.get(\"#popup-alerts\").invoke(\"removeAttr\", \"target\").click({\n  force: true\n});\ncy.get(\"#button4\").click();\ncy.on('window:confirm', () => {\n  return false;\n});\ncy.get(\"#confirm-alert-text\").contains(\"You pressed Cancel!\");",
              "err": {},
              "uuid": "59ff99aa-2c4f-4b5c-989a-b8e9d83d52fb",
              "parentUUID": "9a6f5b8c-e52b-40b6-bbd6-e92a90acc83b",
              "isHook": false,
              "skipped": false
            },
            {
              "title": "Confirm js alert works using a Stub",
              "fullTitle": "Handle js Alerts Confirm js alert works using a Stub",
              "timedOut": null,
              "duration": 398,
              "state": "passed",
              "speed": "fast",
              "pass": true,
              "fail": false,
              "pending": false,
              "context": null,
              "code": "cy.visit(\"/\");\ncy.get(\"#popup-alerts\").invoke(\"removeAttr\", \"target\").click({\n  force: true\n});\nconst stub = cy.stub();\ncy.on('window:confirm', stub);\ncy.get(\"#button4\").click().then(() => {\n  expect(stub.getCall(0)).to.be.calledWith('Press a button!');\n}).then(() => {\n  return true;\n}).then(() => {\n  cy.get(\"#confirm-alert-text\").contains(\"You pressed OK!\");\n});",
              "err": {},
              "uuid": "347115d7-5c11-4e0f-868a-9ee3fd745c58",
              "parentUUID": "9a6f5b8c-e52b-40b6-bbd6-e92a90acc83b",
              "isHook": false,
              "skipped": false
            }
          ],
          "suites": [],
          "passes": [
            "6ce92674-3148-4570-ac23-c2ea23314294",
            "271a7f06-d66e-44d0-b50e-3895644ef2a1",
            "59ff99aa-2c4f-4b5c-989a-b8e9d83d52fb",
            "347115d7-5c11-4e0f-868a-9ee3fd745c58"
          ],
          "failures": [],
          "pending": [],
          "skipped": [],
          "duration": 2193,
          "root": false,
          "rootEmpty": false,
          "_timeout": 2000
        }
      ],
      "passes": [],
      "failures": [],
      "pending": [],
      "skipped": [],
      "duration": 0,
      "root": true,
      "rootEmpty": true,
      "_timeout": 2000
    },
    {
      "uuid": "7ffe295a-66ca-452d-9c31-9b3b5da8e887",
      "title": "",
      "fullFile": "cypress\\e2e\\webdriver-uni\\mouse-actions.js",
      "file": "cypress\\e2e\\webdriver-uni\\mouse-actions.js",
      "beforeHooks": [],
      "afterHooks": [],
      "tests": [],
      "suites": [
        {
          "uuid": "0cbb8d1b-1fff-4e7c-bf8e-ab6d6751d077",
          "title": "Test mouse actions",
          "fullFile": "",
          "file": "",
          "beforeHooks": [],
          "afterHooks": [],
          "tests": [
            {
              "title": "Perform click & hold on element",
              "fullTitle": "Test mouse actions Perform click & hold on element",
              "timedOut": null,
              "duration": 1773,
              "state": "passed",
              "speed": "fast",
              "pass": true,
              "fail": false,
              "pending": false,
              "context": null,
              "code": "cy.visit(\"/\");\ncy.get(\"#actions\").scrollIntoView().invoke(\"removeAttr\", \"target\").click({\n  force: true\n});\ncy.get('#click-box').trigger('mousedown', {\n  which: 1\n}).then($el => {\n  expect($el).to.have.css('background-color', 'rgb(0, 255, 0)');\n});",
              "err": {},
              "uuid": "f0fded15-78de-4a40-8a2e-b9b3614d9240",
              "parentUUID": "0cbb8d1b-1fff-4e7c-bf8e-ab6d6751d077",
              "isHook": false,
              "skipped": false
            }
          ],
          "suites": [],
          "passes": [
            "f0fded15-78de-4a40-8a2e-b9b3614d9240"
          ],
          "failures": [],
          "pending": [],
          "skipped": [],
          "duration": 1773,
          "root": false,
          "rootEmpty": false,
          "_timeout": 2000
        }
      ],
      "passes": [],
      "failures": [],
      "pending": [],
      "skipped": [],
      "duration": 0,
      "root": true,
      "rootEmpty": true,
      "_timeout": 2000
    },
    {
      "uuid": "07ca03a1-e787-4023-8d2d-a2cb2984a116",
      "title": "",
      "fullFile": "cypress\\e2e\\webdriver-uni\\radio-buttons.js",
      "file": "cypress\\e2e\\webdriver-uni\\radio-buttons.js",
      "beforeHooks": [],
      "afterHooks": [],
      "tests": [],
      "suites": [
        {
          "uuid": "3fbbaa69-08d9-429a-a6d6-dcda93a75db5",
          "title": "Verify Radio-Buttons via webdriveruni",
          "fullFile": "",
          "file": "",
          "beforeHooks": [],
          "afterHooks": [],
          "tests": [
            {
              "title": "Check specific radio buttons",
              "fullTitle": "Verify Radio-Buttons via webdriveruni Check specific radio buttons",
              "timedOut": null,
              "duration": 974,
              "state": "passed",
              "speed": "fast",
              "pass": true,
              "fail": false,
              "pending": false,
              "context": null,
              "code": "cy.visit(\"/\");\ncy.get(\"#dropdown-checkboxes-radiobuttons\").invoke(\"removeAttr\", \"target\").click({\n  force: true\n});\ncy.get('#radio-buttons').find(\"[type='radio']\").eq(0).check();",
              "err": {},
              "uuid": "ba2b937d-a368-4fa4-ae12-a770e270c090",
              "parentUUID": "3fbbaa69-08d9-429a-a6d6-dcda93a75db5",
              "isHook": false,
              "skipped": false
            },
            {
              "title": "Validate the states of specific radio buttons",
              "fullTitle": "Verify Radio-Buttons via webdriveruni Validate the states of specific radio buttons",
              "timedOut": null,
              "duration": 507,
              "state": "passed",
              "speed": "fast",
              "pass": true,
              "fail": false,
              "pending": false,
              "context": null,
              "code": "cy.visit(\"/\");\ncy.get(\"#dropdown-checkboxes-radiobuttons\").invoke(\"removeAttr\", \"target\").click({\n  force: true\n});\ncy.get(\"input[value='lettuce']\").should('not.be.checked');\ncy.get(\"input[value='cabbage']\").should('not.be.checked');\ncy.get(\"input[value='pumpkin']\").should('be.checked');\ncy.get(\"input[value='lettuce']\").check().should('be.checked');\ncy.get(\"input[value='pumpkin']\").should('not.be.checked');\ncy.get(\"input[value='cabbage']\").should('be.disabled');",
              "err": {},
              "uuid": "2073c552-ddd6-406f-a637-b140faf685ae",
              "parentUUID": "3fbbaa69-08d9-429a-a6d6-dcda93a75db5",
              "isHook": false,
              "skipped": false
            }
          ],
          "suites": [],
          "passes": [
            "ba2b937d-a368-4fa4-ae12-a770e270c090",
            "2073c552-ddd6-406f-a637-b140faf685ae"
          ],
          "failures": [],
          "pending": [],
          "skipped": [],
          "duration": 1481,
          "root": false,
          "rootEmpty": false,
          "_timeout": 2000
        }
      ],
      "passes": [],
      "failures": [],
      "pending": [],
      "skipped": [],
      "duration": 0,
      "root": true,
      "rootEmpty": true,
      "_timeout": 2000
    },
    {
      "uuid": "f6b30370-70fe-4bb4-ab0e-7653ed24e00f",
      "title": "",
      "fullFile": "cypress\\e2e\\webdriver-uni\\select-dropdown-list.js",
      "file": "cypress\\e2e\\webdriver-uni\\select-dropdown-list.js",
      "beforeHooks": [],
      "afterHooks": [],
      "tests": [],
      "suites": [
        {
          "uuid": "ae345400-cf28-4909-86a4-017a90c82479",
          "title": "Interact with dropdown list via webdriveruni ",
          "fullFile": "",
          "file": "",
          "beforeHooks": [],
          "afterHooks": [],
          "tests": [
            {
              "title": "Select specific values via seleect dropdown list",
              "fullTitle": "Interact with dropdown list via webdriveruni  Select specific values via seleect dropdown list",
              "timedOut": null,
              "duration": 1981,
              "state": "passed",
              "speed": "fast",
              "pass": true,
              "fail": false,
              "pending": false,
              "context": null,
              "code": "cy.visit(\"/\");\ncy.get(\"#dropdown-checkboxes-radiobuttons\").invoke(\"removeAttr\", \"target\").click({\n  force: true\n});\n//This action and assertion has worked because 'python' was extracted from value='python'\ncy.get('#dropdowm-menu-1').select('python').should('have.value', 'python');\n//This action and assertion has worked because 'TestNG' was extracted from the text 'TestNG'\ncy.get('#dropdowm-menu-2').select('TestNG').contains('TestNG');\ncy.get('#dropdowm-menu-3').select('javascript').should('have.value', 'javascript');",
              "err": {},
              "uuid": "62045406-743f-4c9d-9b03-baabf4065d1c",
              "parentUUID": "ae345400-cf28-4909-86a4-017a90c82479",
              "isHook": false,
              "skipped": false
            },
            {
              "title": "Select specific values via seleect dropdown list test challenge",
              "fullTitle": "Interact with dropdown list via webdriveruni  Select specific values via seleect dropdown list test challenge",
              "timedOut": null,
              "duration": 764,
              "state": "passed",
              "speed": "fast",
              "pass": true,
              "fail": false,
              "pending": false,
              "context": null,
              "code": "cy.visit(\"/\");\ncy.get(\"#dropdown-checkboxes-radiobuttons\").invoke(\"removeAttr\", \"target\").click({\n  force: true\n});\ncy.get('#dropdowm-menu-2').select('maven').should('have.value', 'maven');\ncy.get('#dropdowm-menu-2').select('TestNG').contains('TestNG');",
              "err": {},
              "uuid": "9994075c-65b2-4b48-93d4-09b28902009e",
              "parentUUID": "ae345400-cf28-4909-86a4-017a90c82479",
              "isHook": false,
              "skipped": false
            }
          ],
          "suites": [],
          "passes": [
            "62045406-743f-4c9d-9b03-baabf4065d1c",
            "9994075c-65b2-4b48-93d4-09b28902009e"
          ],
          "failures": [],
          "pending": [],
          "skipped": [],
          "duration": 2745,
          "root": false,
          "rootEmpty": false,
          "_timeout": 2000
        }
      ],
      "passes": [],
      "failures": [],
      "pending": [],
      "skipped": [],
      "duration": 0,
      "root": true,
      "rootEmpty": true,
      "_timeout": 2000
    },
    {
      "uuid": "50fee4d5-cc1d-4df0-8da7-1a602e2d5a40",
      "title": "",
      "fullFile": "cypress\\e2e\\webdriver-uni\\traversing-elements.js",
      "file": "cypress\\e2e\\webdriver-uni\\traversing-elements.js",
      "beforeHooks": [],
      "afterHooks": [],
      "tests": [],
      "suites": [
        {
          "uuid": "473935f7-fe70-4d51-b1a4-d833f3b1254e",
          "title": "Traversing DOM elements in Cypress",
          "fullFile": "",
          "file": "",
          "beforeHooks": [],
          "afterHooks": [],
          "tests": [
            {
              "title": "siblings() To get all sibling DOM elements of elements",
              "fullTitle": "Traversing DOM elements in Cypress siblings() To get all sibling DOM elements of elements",
              "timedOut": null,
              "duration": 1020,
              "state": "passed",
              "speed": "fast",
              "pass": true,
              "fail": false,
              "pending": false,
              "context": null,
              "code": "cy.get('.traversal-button-other-states .active').siblings().should('have.length', 3);",
              "err": {},
              "uuid": "d97ebf4e-3fcd-45ba-8ca5-1b26144c863e",
              "parentUUID": "473935f7-fe70-4d51-b1a4-d833f3b1254e",
              "isHook": false,
              "skipped": false
            }
          ],
          "suites": [],
          "passes": [
            "d97ebf4e-3fcd-45ba-8ca5-1b26144c863e"
          ],
          "failures": [],
          "pending": [],
          "skipped": [],
          "duration": 1020,
          "root": false,
          "rootEmpty": false,
          "_timeout": 2000
        }
      ],
      "passes": [],
      "failures": [],
      "pending": [],
      "skipped": [],
      "duration": 0,
      "root": true,
      "rootEmpty": true,
      "_timeout": 2000
    },
    {
      "uuid": "3e4179c1-5417-45ab-a1d2-055b8bc2c7f3",
      "title": "",
      "fullFile": "cypress\\e2e\\automation-test-store\\add-multiple-items-to-basket.js",
      "file": "cypress\\e2e\\automation-test-store\\add-multiple-items-to-basket.js",
      "beforeHooks": [],
      "afterHooks": [],
      "tests": [],
      "suites": [
        {
          "uuid": "b0793e7a-8bee-4239-abc9-00c1e62585bd",
          "title": "Add multiple items to basket",
          "fullFile": "",
          "file": "",
          "beforeHooks": [],
          "afterHooks": [],
          "tests": [
            {
              "title": "Add specific items to basket",
              "fullTitle": "Add multiple items to basket Add specific items to basket",
              "timedOut": null,
              "duration": 4652,
              "state": "passed",
              "speed": "fast",
              "pass": true,
              "fail": false,
              "pending": false,
              "context": null,
              "code": "hairCarePage.addHairCareProductsToBasket();",
              "err": {},
              "uuid": "4f8f4d42-b19c-4dc3-91e9-8e6d9abace83",
              "parentUUID": "b0793e7a-8bee-4239-abc9-00c1e62585bd",
              "isHook": false,
              "skipped": false
            }
          ],
          "suites": [],
          "passes": [
            "4f8f4d42-b19c-4dc3-91e9-8e6d9abace83"
          ],
          "failures": [],
          "pending": [],
          "skipped": [],
          "duration": 4652,
          "root": false,
          "rootEmpty": false,
          "_timeout": 2000
        }
      ],
      "passes": [],
      "failures": [],
      "pending": [],
      "skipped": [],
      "duration": 0,
      "root": true,
      "rootEmpty": true,
      "_timeout": 2000
    }
  ],
  "meta": {
    "mocha": {
      "version": "7.0.1"
    },
    "mochawesome": {
      "options": {
        "quiet": false,
        "reportFilename": "mochawesome",
        "saveHtml": false,
        "saveJson": true,
        "consoleReporter": "spec",
        "useInlineDiffs": false,
        "code": true
      },
      "version": "7.1.3"
    },
    "marge": {
      "options": {
        "id": "default",
        "reportDir": "cypress/results/mochawesome",
        "quite": true,
        "overwrite": false,
        "html": false,
        "json": true
      },
      "version": "6.2.0"
    }
  }
}